<?xml version="1.0" encoding="UTF-8"?>
<!-- Generated by org.testng.reporters.JUnitReportReporter -->
<testsuite hostname="sys" failures="0" tests="1" name="maven.Medical" time="24.338" errors="0" timestamp="2020-03-04T21:30:04 EST" skipped="0">
  <testcase classname="maven.Medical" name="createPatient" time="24.338"/>
</testsuite> <!-- maven.Medical -->
